\BOOKMARK [1][-]{Dedication.1}{Dedication}{}
\BOOKMARK [1][-]{Abstract.1}{Abstract}{}
\BOOKMARK [1][-]{publications.1}{Publications}{}
\BOOKMARK [1][-]{acknowledgments.1}{Acknowledgments}{}
\BOOKMARK [1][-]{tableofcontents.1}{Contents}{}
\BOOKMARK [1][-]{lof.1}{List of Figures}{}
\BOOKMARK [1][-]{lot.1}{List of Tables}{}
\BOOKMARK [1][-]{lol.1}{Listings}{}
\BOOKMARK [1][-]{acronyms.1}{Acronyms}{}
\BOOKMARK [-1][]{part.1}{Modelling Human Thinking}{}
\BOOKMARK [0][]{chapter.1}{1 Introduction}{part.1}
\BOOKMARK [1][-]{section.1.1}{1.1 Organization}{chapter.1}
\BOOKMARK [1][-]{section.1.2}{1.2 Style Options}{chapter.1}
\BOOKMARK [1][-]{section.1.3}{1.3 Future Work}{chapter.1}
\BOOKMARK [1][-]{section.1.4}{1.4 License}{chapter.1}
\BOOKMARK [1][-]{section.1.5}{1.5 Beyond a Thesis}{chapter.1}
\BOOKMARK [-1][]{part.2}{Stages of Learning Examples}{}
\BOOKMARK [0][]{chapter.2}{2 Introduction}{part.2}
\BOOKMARK [1][-]{section.2.1}{2.1 Basic forms of failure must be debugged}{chapter.2}
\BOOKMARK [1][-]{section.2.2}{2.2 Self-conscious reflection}{chapter.2}
\BOOKMARK [-1][]{part.3}{Learning to Get what we Want}{}
\BOOKMARK [0][]{chapter.3}{3 Examples}{part.3}
\BOOKMARK [1][-]{section.3.1}{3.1 A New Section}{chapter.3}
\BOOKMARK [2][-]{subsection.3.1.1}{3.1.1 Test for a Subsection}{section.3.1}
\BOOKMARK [2][-]{subsection.3.1.2}{3.1.2 Autem Timeam}{section.3.1}
\BOOKMARK [1][-]{section.3.2}{3.2 Another Section in This Chapter}{chapter.3}
\BOOKMARK [2][-]{subsection.3.2.1}{3.2.1 Personas Initialmente}{section.3.2}
\BOOKMARK [2][-]{subsection.3.2.2}{3.2.2 Linguistic Registrate}{section.3.2}
\BOOKMARK [0][]{chapter.4}{4 Math Test Chapter}{part.3}
\BOOKMARK [1][-]{section.4.1}{4.1 Some Formulas}{chapter.4}
\BOOKMARK [1][-]{section.4.2}{4.2 Various Mathematical Examples}{chapter.4}
\BOOKMARK [-1][]{part.4}{Appendix}{}
\BOOKMARK [0][]{appendix.A}{A Appendix Test}{part.4}
\BOOKMARK [1][-]{section.A.1}{A.1 Appendix Section Test}{appendix.A}
\BOOKMARK [1][-]{section.A.2}{A.2 Another Appendix Section Test}{appendix.A}
\BOOKMARK [0][]{dummy.7}{Bibliography}{part.4}
\BOOKMARK [0][]{colophon.0}{Colophon}{part.4}
\BOOKMARK [0][]{declaration.0}{Declaration}{part.4}
