This is pdfTeX, Version 3.1415926-1.40.10 (TeX Live 2009/Debian) (format=pdflatex 2011.4.6)  5 JUN 2011 10:30
entering extended mode
 %&-line parsing enabled.
**phdthesis.tex
(./phdthesis.tex
LaTeX2e <2009/09/24>
Babel <v3.8l> and hyphenation patterns for english, usenglishmax, dumylang, noh
yphenation, farsi, arabic, croatian, bulgarian, ukrainian, russian, czech, slov
ak, danish, dutch, finnish, french, basque, ngerman, german, german-x-2009-06-1
9, ngerman-x-2009-06-19, ibycus, monogreek, greek, ancientgreek, hungarian, san
skrit, italian, latin, latvian, lithuanian, mongolian2a, mongolian, bokmal, nyn
orsk, romanian, irish, coptic, serbian, turkish, welsh, esperanto, uppersorbian
, estonian, indonesian, interlingua, icelandic, kurmanji, slovenian, polish, po
rtuguese, spanish, galician, catalan, swedish, ukenglish, pinyin, loaded.
(/usr/share/texmf-texlive/tex/latex/koma-script/scrreprt.cls
Document Class: scrreprt 2009/07/24 v3.04a KOMA-Script document class (report)
(/usr/share/texmf-texlive/tex/latex/koma-script/scrkbase.sty
Package: scrkbase 2009/07/24 v3.04a KOMA-Script package (KOMA-Script-dependent 
basics and keyval usage)

(/usr/share/texmf-texlive/tex/latex/koma-script/scrbase.sty
Package: scrbase 2009/07/24 v3.04a KOMA-Script package (KOMA-Script-independent
 basics and keyval usage)

(/usr/share/texmf-texlive/tex/latex/graphics/keyval.sty
Package: keyval 1999/03/16 v1.13 key=value parser (DPC)
\KV@toks@=\toks14
)
(/usr/share/texmf-texlive/tex/latex/koma-script/scrlfile.sty
Package: scrlfile 2009/03/25 v3.03 KOMA-Script package (loading files)

Package scrlfile, 2009/03/25 v3.03 KOMA-Script package (loading files)
                  Copyright (C) Markus Kohm

))) (/usr/share/texmf-texlive/tex/latex/koma-script/tocbasic.sty
Package: tocbasic 2009/06/08 v3.03b KOMA-Script package (handling toc-files)
)
Package tocbasic Info: omitting babel extension for `toc'
(tocbasic)             because of feature `nobabel' available
(tocbasic)             for `toc' on input line 117.
Package tocbasic Info: omitting babel extension for `lof'
(tocbasic)             because of feature `nobabel' available
(tocbasic)             for `lof' on input line 118.
Package tocbasic Info: omitting babel extension for `lot'
(tocbasic)             because of feature `nobabel' available
(tocbasic)             for `lot' on input line 119.
Class scrreprt Info: You've used standard option `openright'.
(scrreprt)           This is correct!
(scrreprt)           Internaly I'm using `open=right'.
(scrreprt)           If you'd like to set the option with \KOMAoptions,
(scrreprt)           you'd have to use `open=right' there
(scrreprt)           instead of `openright', too.

(/usr/share/texmf-texlive/tex/latex/base/fleqn.clo
File: fleqn.clo 1998/08/17 v1.1c Standard LaTeX option (flush left equations)
\mathindent=\dimen102
)
Package scrreprt Info: You've used obsolete option `11pt'.
(scrreprt)             \KOMAExecuteOptions{fontsize=11pt} will be
(scrreprt)             used instead.
(scrreprt)             You may simply replace `11pt'
(scrreprt)             by `fontsize=11pt'.
Class scrreprt Info: You've used standard option `abstractoff'.
(scrreprt)           This is correct!
(scrreprt)           Internaly I'm using `abstract=false'.
(scrreprt)           If you'd like to set the option with \KOMAoptions,
(scrreprt)           you'd have to use `abstract=false' there
(scrreprt)           instead of `abstractoff', too.
Class scrreprt Info: File `scrsize11pt.clo' used to setup font sizes on input l
ine 1271.

(/usr/share/texmf-texlive/tex/latex/koma-script/scrsize11pt.clo
File: scrsize11pt.clo 2009/07/24 v3.04a KOMA-Script font size class option (11p
t)
)
(/usr/share/texmf-texlive/tex/latex/koma-script/typearea.sty
Package: typearea 2009/07/24 v3.04a KOMA-Script package (type area)

Package typearea, 2009/07/24 v3.04a KOMA-Script package (type area)
                  Copyright (C) Frank Neukam, 1992-1994
                  Copyright (C) Markus Kohm, 1994-

\ta@bcor=\skip41
\ta@div=\count79
Package typearea Info: You've used standard option `letterpaper'.
(typearea)             This is correct!
(typearea)             Internaly I'm using `paper=letter'.
(typearea)             If you'd like to set the option with \KOMAoptions,
(typearea)             you'd have to use `paper=letter' there
(typearea)             instead of `letterpaper', too.
\ta@hblk=\skip42
\ta@vblk=\skip43
\ta@temp=\skip44
Package typearea Info: These are the values describing the layout:
(typearea)             DIV  = 10
(typearea)             BCOR = 14.22636pt
(typearea)             \paperwidth      = 614.295pt
(typearea)              \textwidth      = 420.04808pt
(typearea)              DIV departure   = -7%
(typearea)              \evensidemargin = 47.74371pt
(typearea)              \oddsidemargin  = 1.96323pt
(typearea)             \paperheight     = 794.96999pt
(typearea)              \textheight     = 527.80023pt
(typearea)              \topmargin      = 7.227pt
(typearea)              \headheight     = 17.0pt
(typearea)              \headsep        = 20.40001pt
(typearea)              \topskip        = 11.0pt
(typearea)              \footskip       = 47.60002pt
(typearea)              \baselineskip   = 13.6pt
(typearea)              on input line 1115.
)
\c@part=\count80
\c@chapter=\count81
\c@section=\count82
\c@subsection=\count83
\c@subsubsection=\count84
\c@paragraph=\count85
\c@subparagraph=\count86
\abovecaptionskip=\skip45
\belowcaptionskip=\skip46
\c@pti@nb@sid@b@x=\box26
\c@figure=\count87
\c@table=\count88
\bibindent=\dimen103
) (/usr/share/texmf-texlive/tex/latex/base/inputenc.sty
Package: inputenc 2008/03/30 v1.1d Input encoding file
\inpenc@prehook=\toks15
\inpenc@posthook=\toks16

(/usr/share/texmf-texlive/tex/latex/base/latin1.def
File: latin1.def 2008/03/30 v1.1d Input encoding file
))
(/var/lib/texmf/tex/generic/babel/babel.sty
Package: babel 2008/07/06 v3.8l The Babel package

(/usr/share/texmf-texlive/tex/generic/babel/ngermanb.ldf
Language: ngermanb 2008/07/06 v2.6n new German support from the babel system

(/usr/share/texmf-texlive/tex/generic/babel/babel.def
File: babel.def 2008/07/06 v3.8l Babel common definitions
\babel@savecnt=\count89
\U@D=\dimen104
)
\l@naustrian = a dialect from \language\l@ngerman 
Package babel Info: Making " an active character on input line 92.
)
(/usr/share/texmf-texlive/tex/generic/babel/english.ldf
Language: english 2005/03/30 v3.3o English support from the babel system
\l@canadian = a dialect from \language\l@american 
\l@australian = a dialect from \language\l@british 
\l@newzealand = a dialect from \language\l@british 
))
(/usr/share/texmf-texlive/tex/latex/natbib/natbib.sty
Package: natbib 2009/07/16 8.31 (PWD, AO)
\bibhang=\skip47
\bibsep=\skip48
LaTeX Info: Redefining \cite on input line 694.
\c@NAT@ctr=\count90
)
(/usr/share/texmf-texlive/tex/latex/amsmath/amsmath.sty
Package: amsmath 2000/07/18 v2.13 AMS math features
\@mathmargin=\skip49

For additional information on amsmath, use the `?' option.
(/usr/share/texmf-texlive/tex/latex/amsmath/amstext.sty
Package: amstext 2000/06/29 v2.01

(/usr/share/texmf-texlive/tex/latex/amsmath/amsgen.sty
File: amsgen.sty 1999/11/30 v2.0
\@emptytoks=\toks17
\ex@=\dimen105
))
(/usr/share/texmf-texlive/tex/latex/amsmath/amsbsy.sty
Package: amsbsy 1999/11/29 v1.2d
\pmbraise@=\dimen106
)
(/usr/share/texmf-texlive/tex/latex/amsmath/amsopn.sty
Package: amsopn 1999/12/14 v2.01 operator names
)
\inf@bad=\count91
LaTeX Info: Redefining \frac on input line 211.
\uproot@=\count92
\leftroot@=\count93
LaTeX Info: Redefining \overline on input line 307.
\classnum@=\count94
\DOTSCASE@=\count95
LaTeX Info: Redefining \ldots on input line 379.
LaTeX Info: Redefining \dots on input line 382.
LaTeX Info: Redefining \cdots on input line 467.
\Mathstrutbox@=\box27
\strutbox@=\box28
\big@size=\dimen107
LaTeX Font Info:    Redeclaring font encoding OML on input line 567.
LaTeX Font Info:    Redeclaring font encoding OMS on input line 568.
\macc@depth=\count96
\c@MaxMatrixCols=\count97
\dotsspace@=\muskip10
\c@parentequation=\count98
\dspbrk@lvl=\count99
\tag@help=\toks18
\row@=\count100
\column@=\count101
\maxfields@=\count102
\andhelp@=\toks19
\eqnshift@=\dimen108
\alignsep@=\dimen109
\tagshift@=\dimen110
\tagwidth@=\dimen111
\totwidth@=\dimen112
\lineht@=\dimen113
\@envbody=\toks20
\multlinegap=\skip50
\multlinetaggap=\skip51
\mathdisplay@stack=\toks21
LaTeX Info: Redefining \[ on input line 2666.
LaTeX Info: Redefining \] on input line 2667.
)
(./classicthesis-ldpkg.sty
Package: classicthesis-ldpkg 2010/05/01 v2.8 Package Loader for Classic Thesis 
Style
 (/usr/share/texmf-texlive/tex/latex/base/ifthen.sty
Package: ifthen 2001/05/26 v1.1c Standard LaTeX ifthen package (DPC)
) (/usr/share/texmf-texlive/tex/latex/base/fontenc.sty
Package: fontenc 2005/09/27 v1.99g Standard LaTeX package

(/usr/share/texmf-texlive/tex/latex/base/t1enc.def
File: t1enc.def 2005/09/27 v1.99g Standard LaTeX file
LaTeX Font Info:    Redeclaring font encoding T1 on input line 43.
))
(/usr/share/texmf-texlive/tex/latex/base/textcomp.sty
Package: textcomp 2005/09/27 v1.99g Standard LaTeX package
Package textcomp Info: Sub-encoding information:
(textcomp)               5 = only ISO-Adobe without \textcurrency
(textcomp)               4 = 5 + \texteuro
(textcomp)               3 = 4 + \textohm
(textcomp)               2 = 3 + \textestimated + \textcurrency
(textcomp)               1 = TS1 - \textcircled - \t
(textcomp)               0 = TS1 (full)
(textcomp)             Font families with sub-encoding setting implement
(textcomp)             only a restricted character set as indicated.
(textcomp)             Family '?' is the default used for unknown fonts.
(textcomp)             See the documentation for details.
Package textcomp Info: Setting ? sub-encoding to TS1/1 on input line 71.

(/usr/share/texmf-texlive/tex/latex/base/ts1enc.def
File: ts1enc.def 2001/06/05 v3.0e (jk/car/fm) Standard LaTeX file
)
LaTeX Info: Redefining \oldstylenums on input line 266.
Package textcomp Info: Setting cmr sub-encoding to TS1/0 on input line 281.
Package textcomp Info: Setting cmss sub-encoding to TS1/0 on input line 282.
Package textcomp Info: Setting cmtt sub-encoding to TS1/0 on input line 283.
Package textcomp Info: Setting cmvtt sub-encoding to TS1/0 on input line 284.
Package textcomp Info: Setting cmbr sub-encoding to TS1/0 on input line 285.
Package textcomp Info: Setting cmtl sub-encoding to TS1/0 on input line 286.
Package textcomp Info: Setting ccr sub-encoding to TS1/0 on input line 287.
Package textcomp Info: Setting ptm sub-encoding to TS1/4 on input line 288.
Package textcomp Info: Setting pcr sub-encoding to TS1/4 on input line 289.
Package textcomp Info: Setting phv sub-encoding to TS1/4 on input line 290.
Package textcomp Info: Setting ppl sub-encoding to TS1/3 on input line 291.
Package textcomp Info: Setting pag sub-encoding to TS1/4 on input line 292.
Package textcomp Info: Setting pbk sub-encoding to TS1/4 on input line 293.
Package textcomp Info: Setting pnc sub-encoding to TS1/4 on input line 294.
Package textcomp Info: Setting pzc sub-encoding to TS1/4 on input line 295.
Package textcomp Info: Setting bch sub-encoding to TS1/4 on input line 296.
Package textcomp Info: Setting put sub-encoding to TS1/5 on input line 297.
Package textcomp Info: Setting uag sub-encoding to TS1/5 on input line 298.
Package textcomp Info: Setting ugq sub-encoding to TS1/5 on input line 299.
Package textcomp Info: Setting ul8 sub-encoding to TS1/4 on input line 300.
Package textcomp Info: Setting ul9 sub-encoding to TS1/4 on input line 301.
Package textcomp Info: Setting augie sub-encoding to TS1/5 on input line 302.
Package textcomp Info: Setting dayrom sub-encoding to TS1/3 on input line 303.
Package textcomp Info: Setting dayroms sub-encoding to TS1/3 on input line 304.

Package textcomp Info: Setting pxr sub-encoding to TS1/0 on input line 305.
Package textcomp Info: Setting pxss sub-encoding to TS1/0 on input line 306.
Package textcomp Info: Setting pxtt sub-encoding to TS1/0 on input line 307.
Package textcomp Info: Setting txr sub-encoding to TS1/0 on input line 308.
Package textcomp Info: Setting txss sub-encoding to TS1/0 on input line 309.
Package textcomp Info: Setting txtt sub-encoding to TS1/0 on input line 310.
Package textcomp Info: Setting futs sub-encoding to TS1/4 on input line 311.
Package textcomp Info: Setting futx sub-encoding to TS1/4 on input line 312.
Package textcomp Info: Setting futj sub-encoding to TS1/4 on input line 313.
Package textcomp Info: Setting hlh sub-encoding to TS1/3 on input line 314.
Package textcomp Info: Setting hls sub-encoding to TS1/3 on input line 315.
Package textcomp Info: Setting hlst sub-encoding to TS1/3 on input line 316.
Package textcomp Info: Setting hlct sub-encoding to TS1/5 on input line 317.
Package textcomp Info: Setting hlx sub-encoding to TS1/5 on input line 318.
Package textcomp Info: Setting hlce sub-encoding to TS1/5 on input line 319.
Package textcomp Info: Setting hlcn sub-encoding to TS1/5 on input line 320.
Package textcomp Info: Setting hlcw sub-encoding to TS1/5 on input line 321.
Package textcomp Info: Setting hlcf sub-encoding to TS1/5 on input line 322.
Package textcomp Info: Setting pplx sub-encoding to TS1/3 on input line 323.
Package textcomp Info: Setting pplj sub-encoding to TS1/3 on input line 324.
Package textcomp Info: Setting ptmx sub-encoding to TS1/4 on input line 325.
Package textcomp Info: Setting ptmj sub-encoding to TS1/4 on input line 326.
)
(/usr/share/texmf-texlive/tex/latex/tools/xspace.sty
Package: xspace 2006/05/08 v1.12 Space after command names (DPC,MH)
)
(/usr/share/texmf-texlive/tex/latex/tools/tabularx.sty
Package: tabularx 1999/01/07 v2.07 `tabularx' package (DPC)

(/usr/share/texmf-texlive/tex/latex/tools/array.sty
Package: array 2008/09/09 v2.4c Tabular extension package (FMi)
\col@sep=\dimen114
\extrarowheight=\dimen115
\NC@list=\toks22
\extratabsurround=\skip52
\backup@length=\skip53
)
\TX@col@width=\dimen116
\TX@old@table=\dimen117
\TX@old@col=\dimen118
\TX@target=\dimen119
\TX@delta=\dimen120
\TX@cols=\count103
\TX@ftn=\toks23
)
(/usr/share/texmf-texlive/tex/latex/mparhack/mparhack.sty
Package: mparhack 2005/04/17 v1.4 (T. Sgouros and S. Ulrich)
)
(/usr/share/texmf-texlive/tex/latex/base/fixltx2e.sty
Package: fixltx2e 2006/09/13 v1.1m fixes to LaTeX
LaTeX Info: Redefining \em on input line 420.
LaTeX Info: Redefining \textsubscript on input line 424.
LaTeX Info: The control sequence `\[' is already robust on input line 471.
LaTeX Info: The control sequence `\]' is already robust on input line 472.
)
(/usr/share/texmf-texlive/tex/latex/ltxmisc/relsize.sty
Package: relsize 2003/07/04 ver 3.1
)
(/usr/share/texmf-texlive/tex/latex/acronym/acronym.sty
Package: acronym 2009/01/25 v1.34 Support for acronyms (Tobias Oetiker)

(/usr/share/texmf-texlive/tex/latex/bigfoot/suffix.sty
Package: suffix 2006/07/15 1.5 Variant command support
)
\AC@clearlist=\toks24
)
\c@dummy=\count104

(/usr/share/texmf-texlive/tex/latex/caption/caption.sty
Package: caption 2009/10/09 v3.1k Customizing captions (AR)

(/usr/share/texmf-texlive/tex/latex/caption/caption3.sty
Package: caption3 2009/10/09 v3.1k caption3 kernel (AR)
\captionmargin=\dimen121
\captionmargin@=\dimen122
\captionwidth=\dimen123
\caption@indent=\dimen124
\caption@parindent=\dimen125
\caption@hangindent=\dimen126
)
Package caption Info: KOMA-Script document class.
\c@ContinuedFloat=\count105
)
(/usr/share/texmf-texlive/tex/latex/listings/listings.sty
\lst@mode=\count106
\lst@gtempboxa=\box29
\lst@token=\toks25
\lst@length=\count107
\lst@currlwidth=\dimen127
\lst@column=\count108
\lst@pos=\count109
\lst@lostspace=\dimen128
\lst@width=\dimen129
\lst@newlines=\count110
\lst@lineno=\count111
\lst@maxwidth=\dimen130

(/usr/share/texmf-texlive/tex/latex/listings/lstmisc.sty
File: lstmisc.sty 2007/02/22 1.4 (Carsten Heinz)
\c@lstnumber=\count112
\lst@skipnumbers=\count113
\lst@framebox=\box30
)
(/usr/share/texmf-texlive/tex/latex/listings/listings.cfg
File: listings.cfg 2007/02/22 1.4 listings configuration
))
Package: listings 2007/02/22 1.4 (Carsten Heinz)

(/usr/share/texmf-texlive/tex/latex/carlisle/remreset.sty)
(/usr/share/texmf-texlive/tex/latex/subfig/subfig.sty
Package: subfig 2005/06/28 ver: 1.3 subfig package
\c@KVtest=\count114
\sf@farskip=\skip54
\sf@captopadj=\dimen131
\sf@capskip=\skip55
\sf@nearskip=\skip56
\c@subfigure=\count115
\c@subfigure@save=\count116
\c@lofdepth=\count117
\c@subtable=\count118
\c@subtable@save=\count119
\c@lotdepth=\count120
\sf@top=\skip57
\sf@bottom=\skip58
)
(/usr/share/texmf-texlive/tex/latex/hyperref/hyperref.sty
Package: hyperref 2009/10/09 v6.79a Hypertext links for LaTeX

(/usr/share/texmf-texlive/tex/generic/oberdiek/ifpdf.sty
Package: ifpdf 2009/04/10 v2.0 Provides the ifpdf switch (HO)
Package ifpdf Info: pdfTeX in pdf mode detected.
)
(/usr/share/texmf-texlive/tex/generic/oberdiek/ifvtex.sty
Package: ifvtex 2008/11/04 v1.4 Switches for detecting VTeX and its modes (HO)
Package ifvtex Info: VTeX not detected.
)
(/usr/share/texmf-texlive/tex/generic/ifxetex/ifxetex.sty
Package: ifxetex 2009/01/23 v0.5 Provides ifxetex conditional
)
(/usr/share/texmf-texlive/tex/latex/oberdiek/hycolor.sty
Package: hycolor 2009/10/02 v1.5 Code for color options of hyperref/bookmark (H
O)

(/usr/share/texmf-texlive/tex/latex/oberdiek/xcolor-patch.sty
Package: xcolor-patch 2009/10/02 xcolor patch
))
\@linkdim=\dimen132
\Hy@linkcounter=\count121
\Hy@pagecounter=\count122

(/usr/share/texmf-texlive/tex/latex/hyperref/pd1enc.def
File: pd1enc.def 2009/10/09 v6.79a Hyperref: PDFDocEncoding definition (HO)
)
(/usr/share/texmf-texlive/tex/generic/oberdiek/etexcmds.sty
Package: etexcmds 2007/12/12 v1.2 Prefix for e-TeX command names (HO)

(/usr/share/texmf-texlive/tex/generic/oberdiek/infwarerr.sty
Package: infwarerr 2007/09/09 v1.2 Providing info/warning/message (HO)
)
Package etexcmds Info: Could not find \expanded.
(etexcmds)             That can mean that you are not using pdfTeX 1.50 or
(etexcmds)             that some package has redefined \expanded.
(etexcmds)             In the latter case, load this package earlier.
)
(/usr/share/texmf-texlive/tex/latex/latexconfig/hyperref.cfg
File: hyperref.cfg 2002/06/06 v1.2 hyperref configuration of TeXLive
)
(/usr/share/texmf-texlive/tex/latex/oberdiek/kvoptions.sty
Package: kvoptions 2009/08/13 v3.4 Keyval support for LaTeX options (HO)

(/usr/share/texmf-texlive/tex/generic/oberdiek/kvsetkeys.sty
Package: kvsetkeys 2009/07/30 v1.5 Key value parser with default handler suppor
t (HO)
))
Package hyperref Info: Option `hyperfootnotes' set `false' on input line 2864.
Package hyperref Info: Option `pdfpagelabels' set `true' on input line 2864.
Package hyperref Info: Hyper figures OFF on input line 2975.
Package hyperref Info: Link nesting OFF on input line 2980.
Package hyperref Info: Hyper index ON on input line 2983.
Package hyperref Info: Plain pages OFF on input line 2990.
Package hyperref Info: Backreferencing OFF on input line 2995.

Implicit mode ON; LaTeX internals redefined
Package hyperref Info: Bookmarks ON on input line 3191.
(/usr/share/texmf-texlive/tex/latex/ltxmisc/url.sty
\Urlmuskip=\muskip11
Package: url 2006/04/12  ver 3.3  Verb mode for urls, etc.
)
LaTeX Info: Redefining \url on input line 3428.

(/usr/share/texmf-texlive/tex/generic/oberdiek/bitset.sty
Package: bitset 2007/09/28 v1.0 Data type bit set (HO)

(/usr/share/texmf-texlive/tex/generic/oberdiek/intcalc.sty
Package: intcalc 2007/09/27 v1.1 Expandable integer calculations (HO)
)
(/usr/share/texmf-texlive/tex/generic/oberdiek/bigintcalc.sty
Package: bigintcalc 2007/11/11 v1.1 Expandable big integer calculations (HO)

(/usr/share/texmf-texlive/tex/generic/oberdiek/pdftexcmds.sty
Package: pdftexcmds 2009/09/23 v0.6 LuaTeX support for pdfTeX utility functions
 (HO)

(/usr/share/texmf-texlive/tex/generic/oberdiek/ifluatex.sty
Package: ifluatex 2009/04/17 v1.2 Provides the ifluatex switch (HO)
Package ifluatex Info: LuaTeX not detected.
)
(/usr/share/texmf-texlive/tex/generic/oberdiek/ltxcmds.sty
Package: ltxcmds 2009/08/05 v1.0 Some LaTeX kernel commands for general use (HO
)
)
Package pdftexcmds Info: LuaTeX not detected.
Package pdftexcmds Info: \pdf@primitive is available.
Package pdftexcmds Info: \pdf@ifprimitive is available.
)))
\Fld@menulength=\count123
\Field@Width=\dimen133
\Fld@charsize=\dimen134
\Field@toks=\toks26
Package hyperref Info: Hyper figures OFF on input line 4377.
Package hyperref Info: Link nesting OFF on input line 4382.
Package hyperref Info: Hyper index ON on input line 4385.
Package hyperref Info: backreferencing OFF on input line 4392.
Package hyperref Info: Link coloring OFF on input line 4397.
Package hyperref Info: Link coloring with OCG OFF on input line 4402.
Package hyperref Info: PDF/A mode OFF on input line 4407.

(/usr/share/texmf-texlive/tex/generic/oberdiek/atbegshi.sty
Package: atbegshi 2008/07/31 v1.9 At begin shipout hook (HO)
)
\Hy@abspage=\count124
\c@Item=\count125
)
*hyperref using driver hpdftex*
(/usr/share/texmf-texlive/tex/latex/hyperref/hpdftex.def
File: hpdftex.def 2009/10/09 v6.79a Hyperref driver for pdfTeX
\Fld@listcount=\count126
)
(/usr/share/texmf-texlive/tex/latex/graphics/graphicx.sty
Package: graphicx 1999/02/16 v1.0f Enhanced LaTeX Graphics (DPC,SPQR)

(/usr/share/texmf-texlive/tex/latex/graphics/graphics.sty
Package: graphics 2009/02/05 v1.0o Standard LaTeX Graphics (DPC,SPQR)

(/usr/share/texmf-texlive/tex/latex/graphics/trig.sty
Package: trig 1999/03/16 v1.09 sin cos tan (DPC)
)
(/etc/texmf/tex/latex/config/graphics.cfg
File: graphics.cfg 2009/08/28 v1.8 graphics configuration of TeX Live
)
Package graphics Info: Driver file: pdftex.def on input line 91.

(/usr/share/texmf-texlive/tex/latex/pdftex-def/pdftex.def
File: pdftex.def 2010/03/12 v0.04p Graphics/color for pdfTeX
\Gread@gobject=\count127
))
\Gin@req@height=\dimen135
\Gin@req@width=\dimen136
))
(./classicthesis.sty
Package: classicthesis 2010/05/01 v2.8 Typographic Style for a classic-looking 
thesis
 (/usr/share/texmf/tex/latex/xcolor/xcolor.sty
Package: xcolor 2007/01/21 v2.11 LaTeX color extensions (UK)

(/etc/texmf/tex/latex/config/color.cfg
File: color.cfg 2007/01/18 v1.5 color configuration of teTeX/TeXLive
)
Package xcolor Info: Driver file: pdftex.def on input line 225.
Package xcolor Info: Model `cmy' substituted by `cmy0' on input line 1337.
Package xcolor Info: Model `hsb' substituted by `rgb' on input line 1341.
Package xcolor Info: Model `RGB' extended on input line 1353.
Package xcolor Info: Model `HTML' substituted by `rgb' on input line 1355.
Package xcolor Info: Model `Hsb' substituted by `hsb' on input line 1356.
Package xcolor Info: Model `tHsb' substituted by `hsb' on input line 1357.
Package xcolor Info: Model `HSB' substituted by `hsb' on input line 1358.
Package xcolor Info: Model `Gray' substituted by `gray' on input line 1359.
Package xcolor Info: Model `wave' substituted by `hsb' on input line 1360.

(/usr/share/texmf-texlive/tex/latex/graphics/dvipsnam.def
File: dvipsnam.def 1999/02/16 v3.0i Driver-dependant file (DPC,SPQR)
))
(/usr/share/texmf-texlive/tex/latex/psnfss/mathpazo.sty
Package: mathpazo 2005/04/12 PSNFSS-v9.2a Palatino w/ Pazo Math (D.Puga, WaS) 
\symupright=\mathgroup4
)
(/usr/share/texmf-texlive/tex/latex/bera/beramono.sty
Package: beramono 2004/01/31 (WaS)
)
(/usr/share/texmf-texlive/tex/latex/eulervm/eulervm.sty
Package: eulervm 2005/01/11 v4.0 (WaS)
)
(/usr/share/texmf-texlive/tex/latex/microtype/microtype.sty
Package: microtype 2009/03/27 v2.3d Micro-typography with pdfTeX (RS)
\MT@toks=\toks27
\MT@count=\count128
LaTeX Info: Redefining \lsstyle on input line 1608.
LaTeX Info: Redefining \lslig on input line 1608.
\MT@outer@space=\skip59
LaTeX Info: Redefining \textls on input line 1616.
\MT@outer@kern=\dimen137
LaTeX Info: Redefining \textmicrotypecontext on input line 2167.
Package microtype Info: Loading configuration file microtype.cfg.

(/usr/share/texmf-texlive/tex/latex/microtype/microtype.cfg
File: microtype.cfg 2009/03/27 v2.3d microtype main configuration file (RS)
))
Package classicthesis Info: A4 paper, Palatino or other on input line 240.
Package typearea Info: These are the values describing the layout:
(typearea)             DIV  = areaset
(typearea)             BCOR = 14.22636pt
(typearea)             \paperwidth      = 614.295pt
(typearea)              \textwidth      = 312.0pt
(typearea)              \evensidemargin = 119.77576pt
(typearea)              \oddsidemargin  = 37.97925pt
(typearea)             \paperheight     = 794.96999pt
(typearea)              \textheight     = 724.65pt
(typearea)              \topmargin      = -60.94667pt
(typearea)              \headheight     = 15.95pt
(typearea)              \headsep        = 20.40001pt
(typearea)              \topskip        = 11.0pt
(typearea)              \footskip       = 47.60002pt
(typearea)              \baselineskip   = 13.6pt
(typearea)              on input line 240.

(/usr/share/texmf-texlive/tex/latex/booktabs/booktabs.sty
Package: booktabs 2005/04/14 v1.61803 publication quality tables
\heavyrulewidth=\dimen138
\lightrulewidth=\dimen139
\cmidrulewidth=\dimen140
\belowrulesep=\dimen141
\belowbottomsep=\dimen142
\aboverulesep=\dimen143
\abovetopsep=\dimen144
\cmidrulesep=\dimen145
\cmidrulekern=\dimen146
\defaultaddspace=\dimen147
\@cmidla=\count129
\@cmidlb=\count130
\@aboverulesep=\dimen148
\@belowrulesep=\dimen149
\@thisruleclass=\count131
\@lastruleclass=\count132
\@thisrulewidth=\dimen150
)
(/usr/share/texmf-texlive/tex/latex/textcase/textcase.sty
Package: textcase 2004/10/07 v0.07 Text only upper/lower case changing (DPC)
)
(/usr/share/texmf-texlive/tex/latex/soul/soul.sty
Package: soul 2003/11/17 v2.4 letterspacing/underlining (mf)
\SOUL@word=\toks28
\SOUL@lasttoken=\toks29
\SOUL@cmds=\toks30
\SOUL@buffer=\toks31
\SOUL@token=\toks32
\SOUL@spaceskip=\skip60
\SOUL@ttwidth=\dimen151
\SOUL@uldp=\dimen152
\SOUL@ulht=\dimen153
)
(/usr/share/texmf-texlive/tex/latex/koma-script/scrpage2.sty
Package: scrpage2 2008/12/08 v2.3 LaTeX2e KOMA-Script package
LaTeX Info: Redefining \pagemark on input line 176.
)
(/usr/share/texmf-texlive/tex/latex/titlesec/titlesec.sty
Package: titlesec 2007/08/12 v2.8 Sectioning titles
\ttl@box=\box31
\beforetitleunit=\skip61
\aftertitleunit=\skip62
\ttl@plus=\dimen154
\ttl@minus=\dimen155
\ttl@toksa=\toks33
\titlewidth=\dimen156
\titlewidthlast=\dimen157
\titlewidthfirst=\dimen158
)
(/usr/share/texmf-texlive/tex/latex/tocloft/tocloft.sty
Package: tocloft 2009/09/04 v2.3d parameterised ToC, etc., typesetting


Package tocloft Note: The document has chapter divisions.

\cftparskip=\skip63
\cftbeforetoctitleskip=\skip64
\cftaftertoctitleskip=\skip65
\cftbeforepartskip=\skip66
\cftpartnumwidth=\skip67
\cftpartindent=\skip68
\cftbeforechapskip=\skip69
\cftchapindent=\skip70
\cftchapnumwidth=\skip71
\cftbeforesecskip=\skip72
\cftsecindent=\skip73
\cftsecnumwidth=\skip74
\cftbeforesubsecskip=\skip75
\cftsubsecindent=\skip76
\cftsubsecnumwidth=\skip77
\cftbeforesubsubsecskip=\skip78
\cftsubsubsecindent=\skip79
\cftsubsubsecnumwidth=\skip80
\cftbeforeparaskip=\skip81
\cftparaindent=\skip82
\cftparanumwidth=\skip83
\cftbeforesubparaskip=\skip84
\cftsubparaindent=\skip85
\cftsubparanumwidth=\skip86
\cftbeforeloftitleskip=\skip87
\cftafterloftitleskip=\skip88
\cftbeforefigskip=\skip89
\cftfigindent=\skip90
\cftfignumwidth=\skip91
\cftbeforelottitleskip=\skip92
\cftafterlottitleskip=\skip93
\cftbeforetabskip=\skip94
\cfttabindent=\skip95
\cfttabnumwidth=\skip96
\cftbeforesubfigskip=\skip97
\cftsubfigindent=\skip98
\cftsubfignumwidth=\skip99
\cftbeforesubtabskip=\skip100
\cftsubtabindent=\skip101
\cftsubtabnumwidth=\skip102
)
\newnumberwidth=\skip103
\beforebibskip=\skip104
\newchnumberwidth=\skip105
\figurelabelwidth=\skip106
\tablelabelwidth=\skip107
\c@listings=\count133
\cftbeforelistingsskip=\skip108
\cftlistingsindent=\skip109
\cftlistingsnumwidth=\skip110
\c@loldepth=\count134
\cftbeforeloltitleskip=\skip111
\cftafterloltitleskip=\skip112
\listingslabelwidth=\skip113
 (/usr/share/texmf-texlive/tex/latex/koma-script/scrtime.sty
Package: scrtime 2009/01/01 v1.1p LaTeX2e KOMA-Script package
)
(/usr/share/texmf-texlive/tex/latex/ms/prelim2e.sty
Package: prelim2e 2009/05/29 v1.3 prelim2e Package (MS)

(/usr/share/texmf-texlive/tex/latex/ms/everyshi.sty
Package: everyshi 2001/05/15 v3.00 EveryShipout Package (MS)
)))
(/usr/share/texmf-texlive/tex/latex/oberdiek/makerobust.sty
Package: makerobust 2006/03/18 v1.0 Making a macro robust (HO)
)
\abcd=\skip114

(/usr/share/texmf-texlive/tex/latex/listings/lstlang1.sty
File: lstlang1.sty 2004/09/05 1.3 listings language file
)
(/usr/share/texmf-texlive/tex/latex/listings/lstlang2.sty
File: lstlang2.sty 2004/09/05 1.3 listings language file
)
(/usr/share/texmf-texlive/tex/latex/listings/lstlang3.sty
File: lstlang3.sty 2004/09/05 1.3 listings language file
)
(/usr/share/texmf-texlive/tex/latex/listings/lstlang1.sty
File: lstlang1.sty 2004/09/05 1.3 listings language file
)
(/usr/share/texmf-texlive/tex/latex/listings/lstlang2.sty
File: lstlang2.sty 2004/09/05 1.3 listings language file
)
(/usr/share/texmf-texlive/tex/latex/listings/lstlang3.sty
File: lstlang3.sty 2004/09/05 1.3 listings language file
)
(/usr/share/texmf-texlive/tex/latex/listings/lstlang1.sty
File: lstlang1.sty 2004/09/05 1.3 listings language file
)
(/usr/share/texmf-texlive/tex/latex/listings/lstlang2.sty
File: lstlang2.sty 2004/09/05 1.3 listings language file
)
(/usr/share/texmf-texlive/tex/latex/listings/lstlang3.sty
File: lstlang3.sty 2004/09/05 1.3 listings language file
)
(/usr/share/texmf-texlive/tex/latex/listings/lstmisc.sty
File: lstmisc.sty 2007/02/22 1.4 (Carsten Heinz)
)
Package hyperref Info: Option `colorlinks' set `true' on input line 181.
Package hyperref Info: Option `linktocpage' set `true' on input line 181.
Package hyperref Info: Option `breaklinks' set `true' on input line 181.
Package hyperref Info: Option `pageanchor' set `true' on input line 181.
Package hyperref Info: Option `plainpages' set `false' on input line 181.
Package hyperref Info: Option `bookmarksnumbered' set `true' on input line 181.

Package hyperref Info: Option `bookmarksopen' set `true' on input line 181.
Package hyperref Info: Option `hypertexnames' set `true' on input line 181.
 (./phdthesis.aux
(./frontbackmatter/DirtyTitlepage.aux) (./frontbackmatter/Titlepage.aux)
(./frontbackmatter/Titleback.aux) (./frontbackmatter/Dedication.aux)
(./frontbackmatter/Abstract.aux) (./frontbackmatter/Publication.aux)
(./frontbackmatter/Acknowledgments.aux) (./frontbackmatter/Contents.aux)
(./chapters/chapter01.aux) (./chapters/chapter_stages.aux)
(./chapters/chapter02.aux) (./chapters/chapter03.aux) (./chapters/chapter0A.aux
) (./frontbackmatter/Bibliography.aux) (./frontbackmatter/Colophon.aux)
(./frontbackmatter/Declaration.aux))
\openout1 = `phdthesis.aux'.

LaTeX Font Info:    Checking defaults for OML/cmm/m/it on input line 190.
LaTeX Font Info:    ... okay on input line 190.
LaTeX Font Info:    Checking defaults for T1/cmr/m/n on input line 190.
LaTeX Font Info:    ... okay on input line 190.
LaTeX Font Info:    Checking defaults for OT1/cmr/m/n on input line 190.
LaTeX Font Info:    ... okay on input line 190.
LaTeX Font Info:    Checking defaults for OMS/cmsy/m/n on input line 190.
LaTeX Font Info:    ... okay on input line 190.
LaTeX Font Info:    Checking defaults for OMX/cmex/m/n on input line 190.
LaTeX Font Info:    ... okay on input line 190.
LaTeX Font Info:    Checking defaults for U/cmr/m/n on input line 190.
LaTeX Font Info:    ... okay on input line 190.
LaTeX Font Info:    Checking defaults for TS1/cmr/m/n on input line 190.
LaTeX Font Info:    Try loading font information for TS1+cmr on input line 190.


(/usr/share/texmf-texlive/tex/latex/base/ts1cmr.fd
File: ts1cmr.fd 1999/05/25 v2.5h Standard LaTeX font definitions
)
LaTeX Font Info:    ... okay on input line 190.
LaTeX Font Info:    Checking defaults for PD1/pdf/m/n on input line 190.
LaTeX Font Info:    ... okay on input line 190.
LaTeX Font Info:    Try loading font information for T1+pplj on input line 190.


(/usr/share/texmf-texlive/tex/latex/psnfss/t1pplj.fd
File: t1pplj.fd 2004/09/06 font definitions for T1/pplj.
)
Package caption Info: Begin \AtBeginDocument code.
Package caption3 Info: subfig package 1.2 or 1.3 is loaded.
LaTeX Info: Redefining \subref on input line 190.
Package caption Info: hyperref package is loaded.
Package caption Info: listings package is loaded.
Package caption Info: End \AtBeginDocument code.
\c@lstlisting=\count135
Package hyperref Info: Link coloring ON on input line 190.

(/usr/share/texmf-texlive/tex/latex/hyperref/nameref.sty
Package: nameref 2007/05/29 v2.31 Cross-referencing by name of section

(/usr/share/texmf-texlive/tex/latex/oberdiek/refcount.sty
Package: refcount 2008/08/11 v3.1 Data extraction from references (HO)
)
\c@section@level=\count136
)
LaTeX Info: Redefining \ref on input line 190.
LaTeX Info: Redefining \pageref on input line 190.
 (./phdthesis.out)
(./phdthesis.out)
\@outlinefile=\write3
\openout3 = `phdthesis.out'.

\AtBeginShipoutBox=\box32
 (/usr/share/texmf/tex/context/base/supp-pdf.mkii
[Loading MPS to PDF converter (version 2006.09.02).]
\scratchcounter=\count137
\scratchdimen=\dimen159
\scratchbox=\box33
\nofMPsegments=\count138
\nofMParguments=\count139
\everyMPshowfont=\toks34
\MPscratchCnt=\count140
\MPscratchDim=\dimen160
\MPnumerator=\count141
\everyMPtoPDFconversion=\toks35
)
LaTeX Info: Redefining \microtypecontext on input line 190.
Package microtype Info: Generating PDF output.
Package microtype Info: Character protrusion enabled (level 2).
Package microtype Info: Using default protrusion set `alltext'.
Package microtype Info: Automatic font expansion enabled (level 2),
(microtype)             stretch: 20, shrink: 20, step: 1, non-selected.
Package microtype Info: Using default expansion set `basictext'.
Package microtype Info: No tracking.
Package microtype Info: No adjustment of interword spacing.
Package microtype Info: No adjustment of character kerning.
 (/usr/share/texmf-texlive/tex/latex/microtype/mt-ppl.cfg
File: mt-ppl.cfg 2005/11/16 v1.6 microtype config. file: Palatino (RS)
)
ABD: EveryShipout initializing macros
\openout2 = `frontbackmatter/DirtyTitlepage.aux'.

 (./frontbackmatter/DirtyTitlepage.tex
Package microtype Info: Character `029' is missing
(microtype)             in font `T1/pplj/m/sc/10.95'.
(microtype)             Ignoring protrusion settings for this character.
)
[1


{/var/lib/texmf/fonts/map/pdftex/updmap/pdftex.map}]
\openout2 = `frontbackmatter/Titlepage.aux'.


(./frontbackmatter/Titlepage.tex [2




]
Package microtype Info: Character `029' is missing
(microtype)             in font `T1/pplj/m/sc/12'.
(microtype)             Ignoring protrusion settings for this character.

<gfx/model-6.pdf, id=167, 437.635pt x 612.2875pt>
File: gfx/model-6.pdf Graphic file (type pdf)
 <use gfx/model-6.pdf>
[3 <./gfx/model-6.pdf>])
\openout2 = `frontbackmatter/Titleback.aux'.

 (./frontbackmatter/Titleback.tex
LaTeX Font Info:    Try loading font information for TS1+pplj on input line 7.

(/usr/share/texmf-texlive/tex/latex/psnfss/ts1pplj.fd
File: ts1pplj.fd 2004/09/06 font definitions for TS1/pplj.
)) [4


]
\openout2 = `frontbackmatter/Dedication.aux'.


(./frontbackmatter/Dedication.tex) [5




] [6



]
\openout2 = `frontbackmatter/Abstract.aux'.

 (./frontbackmatter/Abstract.tex)
[7

] [8



]
\openout2 = `frontbackmatter/Publication.aux'.

 (./frontbackmatter/Publication.tex) [9



] [10



]
\openout2 = `frontbackmatter/Acknowledgments.aux'.


(./frontbackmatter/Acknowledgments.tex
LaTeX Font Info:    Font shape `T1/pplj/m/sl' in size <10.95> not available
(Font)              Font shape `T1/pplj/m/it' tried instead on input line 6.
LaTeX Font Info:    Font shape `T1/pplj/bx/n' in size <10.95> not available
(Font)              Font shape `T1/pplj/b/n' tried instead on input line 11.


Package natbib Warning: Citation `famous:1941' on page xi undefined on input li
ne 11.


Package natbib Warning: Citation `famous:1941' on page xi undefined on input li
ne 11.

) [11

] [12



]
\openout2 = `frontbackmatter/Contents.aux'.

 (./frontbackmatter/Contents.tex (./phdthesis.toc)
\tf@toc=\write4
\openout4 = `phdthesis.toc'.

LaTeX Font Info:    Try loading font information for U+zeur on input line 17.

(/usr/share/texmf-texlive/tex/latex/eulervm/uzeur.fd
File: uzeur.fd 2005/01/11 v4.0 (WaS)
)
(/usr/share/texmf-texlive/tex/latex/microtype/mt-eur.cfg
File: mt-eur.cfg 2006/07/31 v1.1 microtype config. file: AMS Euler Roman (RS)
)
LaTeX Font Info:    Try loading font information for U+zeus on input line 17.

(/usr/share/texmf-texlive/tex/latex/eulervm/uzeus.fd
File: uzeus.fd 2005/01/11 v4.0 (WaS)
)
(/usr/share/texmf-texlive/tex/latex/microtype/mt-eus.cfg
File: mt-eus.cfg 2006/07/28 v1.2 microtype config. file: AMS Euler Script (RS)
)
LaTeX Font Info:    Try loading font information for U+zeuex on input line 17.

(/usr/share/texmf-texlive/tex/latex/eulervm/uzeuex.fd
File: uzeuex.fd 2005/01/11 v4.0 (WaS)
)
LaTeX Font Info:    Try loading font information for OT1+zplm on input line 17.


(/usr/share/texmf-texlive/tex/latex/psnfss/ot1zplm.fd
File: ot1zplm.fd 2002/09/08 Fontinst v1.914 font definitions for OT1/zplm.
) [13



] (./phdthesis.lof)
\tf@lof=\write5
\openout5 = `phdthesis.lof'.


(./phdthesis.lot)
\tf@lot=\write6
\openout6 = `phdthesis.lot'.

 (./phdthesis.lol)
\tf@lol=\write7
\openout7 = `phdthesis.lol'.

LaTeX Font Info:    Try loading font information for T1+cmss on input line 65.

(/usr/share/texmf-texlive/tex/latex/base/t1cmss.fd
File: t1cmss.fd 1999/05/25 v2.5h Standard LaTeX font definitions
) [14

]) [1







] [2]
\openout2 = `chapters/chapter01.aux'.


(./chapters/chapter01.tex
Chapter 1.

Class scrreprt Warning: \float@addtolists detected!
(scrreprt)              You should use the features of package `tocbasic'
(scrreprt)              instead of \float@addtolists.
(scrreprt)              Support for \float@addtolists may be removed from
(scrreprt)              `scrreprt' soon .


Package natbib Warning: Citation `bringhurst:2002' on page 3 undefined on input
 line 12.


Package natbib Warning: Citation `bringhurst:2002' on page 3 undefined on input
 line 13.

LaTeX Font Info:    Font shape `T1/pplj/m/sl' in size <9> not available
(Font)              Font shape `T1/pplj/m/it' tried instead on input line 14.
LaTeX Font Info:    Try loading font information for T1+fvm on input line 20.
(/usr/share/texmf-texlive/tex/latex/bera/t1fvm.fd
File: t1fvm.fd 2004/09/07 scalable font definitions for T1/fvm.
)
LaTeX Font Info:    Font shape `T1/fvm/m/n' will be
(Font)              scaled to size 7.65005pt on input line 20.
LaTeX Font Info:    Font shape `T1/fvm/m/n' will be
(Font)              scaled to size 9.30756pt on input line 25.

Overfull \hbox (13.2076pt too wide) in paragraph at lines 24--27
\T1/pplj/m/n/10.95 (-20) dle can now use the style stand-alone via the file \T1
/fvm/m/n/10.95 classicthesis.sty\T1/pplj/m/n/10.95 (-20) .
 []

[3



]
Package microtype Info: Character `029' is missing
(microtype)             in font `T1/pplj/m/sc/10'.
(microtype)             Ignoring protrusion settings for this character.
 [4]
Overfull \hbox (4.64435pt too wide) in paragraph at lines 151--153
[]\T1/fvm/m/n/10.95 eulermath\T1/pplj/m/n/10.95 (-20) : loads the awe-some Eu-l
er fonts for math. (Palatino
 []

[5] [6]
LaTeX Font Info:    Font shape `T1/fvm/m/n' will be
(Font)              scaled to size 8.50006pt on input line 242.
 (./Examples/classicthesis-article.tex [7])
(./Examples/classicthesis-book.tex) (./Examples/classicthesis-cv.tex [8]))
[9] [10



] [11


] [12]
\openout2 = `chapters/chapter_stages.aux'.

 (./chapters/chapter_stages.tex
Chapter 2.
) [13



] [14



] [15


] [16]
\openout2 = `chapters/chapter02.aux'.

 (./chapters/chapter02.tex
Chapter 3.

Package natbib Warning: Citation `dueck:trio' on page 17 undefined on input lin
e 5.


Package natbib Warning: Citation `dueck:trio' on page 17 undefined on input lin
e 5.

Package acronym Info: Label `acro:UML' newly defined as it shall be overridden
although it is yet undefined on input line 28.
Package acronym Info: Label `acro:API' newly defined as it shall be overridden
although it is yet undefined on input line 43.
[17



]

Package natbib Warning: Citation `bentley:1999' on page 18 undefined on input l
ine 63.


Package natbib Warning: Citation `bentley:1999' on page 18 undefined on input l
ine 64.


Package natbib Warning: Citation `cormen:2001' on page 18 undefined on input li
ne 80.


Package natbib Warning: Citation `cormen:2001' on page 18 undefined on input li
ne 80.


Package natbib Warning: Citation `knuth:1976' on page 18 undefined on input lin
e 96.


Package natbib Warning: Citation `knuth:1976' on page 18 undefined on input lin
e 97.


Package natbib Warning: Citation `sommerville:1992' on page 18 undefined on inp
ut line 108.


Package natbib Warning: Citation `sommerville:1992' on page 18 undefined on inp
ut line 109.

[18]

Package natbib Warning: Citation `knuth:1976' on page 19 undefined on input lin
e 138.


Overfull \hbox (3.18002pt too wide) in alignment at lines 138--138
[][][] 
 []

LaTeX Font Info:    Font shape `T1/pplj/bx/n' in size <10> not available
(Font)              Font shape `T1/pplj/b/n' tried instead on input line 140.

Package natbib Warning: Citation `knuth:1976' on page 19 undefined on input lin
e 140.


Package natbib Warning: Citation `knuth:1976' on page 19 undefined on input lin
e 140.

<gfx/example_1.jpg, id=471, 240.9pt x 180.675pt>
File: gfx/example_1.jpg Graphic file (type jpg)
 <use gfx/example_1.jpg>
<gfx/example_2.jpg, id=472, 240.9pt x 180.675pt>
File: gfx/example_2.jpg Graphic file (type jpg)
 <use gfx/example_2.jpg>
<gfx/example_3.jpg, id=473, 240.9pt x 180.675pt>
File: gfx/example_3.jpg Graphic file (type jpg)
 <use gfx/example_3.jpg>
<gfx/example_4.jpg, id=474, 240.9pt x 180.675pt>
File: gfx/example_4.jpg Graphic file (type jpg)
 <use gfx/example_4.jpg>)
[19 <./gfx/example_1.jpg> <./gfx/example_2.jpg> <./gfx/example_3.jpg> <./gfx/ex
ample_4.jpg>]
\openout2 = `chapters/chapter03.aux'.

 (./chapters/chapter03.tex [20




]
Chapter 4.
LaTeX Font Info:    Font shape `T1/fvm/m/sl' will be
(Font)              scaled to size 7.65005pt on input line 24.
LaTeX Font Info:    Try loading font information for U+fplmbb on input line 26.

(/usr/share/texmf-texlive/tex/latex/psnfss/ufplmbb.fd
File: ufplmbb.fd 2003/10/30 Fontinst v1.914 font definitions for U/fplmbb.
) [21]) [22] [23





] [24]
\openout2 = `chapters/chapter0A.aux'.


(./chapters/chapter0A.tex
Appendix A.
[25



]) [26]
\openout2 = `frontbackmatter/Bibliography.aux'.

 (./frontbackmatter/Bibliography.tex
No file phdthesis.bbl.
)
\openout2 = `frontbackmatter/Colophon.aux'.

 (./frontbackmatter/Colophon.tex

Package natbib Warning: Citation `bringhurst:2002' on page 27 undefined on inpu
t line 19.


Package natbib Warning: Citation `bringhurst:2002' on page 27 undefined on inpu
t line 21.

) [27








] [28



]
\openout2 = `frontbackmatter/Declaration.aux'.

 (./frontbackmatter/Declaration.tex) [29



]

Package natbib Warning: There were undefined citations.

(./phdthesis.aux (./frontbackmatter/DirtyTitlepage.aux)
(./frontbackmatter/Titlepage.aux) (./frontbackmatter/Titleback.aux)
(./frontbackmatter/Dedication.aux) (./frontbackmatter/Abstract.aux)
(./frontbackmatter/Publication.aux) (./frontbackmatter/Acknowledgments.aux)
(./frontbackmatter/Contents.aux) (./chapters/chapter01.aux)
(./chapters/chapter_stages.aux) (./chapters/chapter02.aux)
(./chapters/chapter03.aux) (./chapters/chapter0A.aux)
(./frontbackmatter/Bibliography.aux) (./frontbackmatter/Colophon.aux)
(./frontbackmatter/Declaration.aux))

 *File List*
scrreprt.cls    2009/07/24 v3.04a KOMA-Script document class (report)
scrkbase.sty    2009/07/24 v3.04a KOMA-Script package (KOMA-Script-dependent ba
sics and keyval usage)
 scrbase.sty    2009/07/24 v3.04a KOMA-Script package (KOMA-Script-independent 
basics and keyval usage)
  keyval.sty    1999/03/16 v1.13 key=value parser (DPC)
scrlfile.sty    2009/03/25 v3.03 KOMA-Script package (loading files)
tocbasic.sty    2009/06/08 v3.03b KOMA-Script package (handling toc-files)
   fleqn.clo    1998/08/17 v1.1c Standard LaTeX option (flush left equations)
scrsize11pt.clo    2009/07/24 v3.04a KOMA-Script font size class option (11pt)
typearea.sty    2009/07/24 v3.04a KOMA-Script package (type area)
inputenc.sty    2008/03/30 v1.1d Input encoding file
  latin1.def    2008/03/30 v1.1d Input encoding file
   babel.sty    2008/07/06 v3.8l The Babel package
ngermanb.ldf    2008/07/06 v2.6n new German support from the babel system
 english.ldf    2005/03/30 v3.3o English support from the babel system
  natbib.sty    2009/07/16 8.31 (PWD, AO)
 amsmath.sty    2000/07/18 v2.13 AMS math features
 amstext.sty    2000/06/29 v2.01
  amsgen.sty    1999/11/30 v2.0
  amsbsy.sty    1999/11/29 v1.2d
  amsopn.sty    1999/12/14 v2.01 operator names
classicthesis-ldpkg.sty    2010/05/01 v2.8 Package Loader for Classic Thesis St
yle
  ifthen.sty    2001/05/26 v1.1c Standard LaTeX ifthen package (DPC)
 fontenc.sty
   t1enc.def    2005/09/27 v1.99g Standard LaTeX file
textcomp.sty    2005/09/27 v1.99g Standard LaTeX package
  ts1enc.def    2001/06/05 v3.0e (jk/car/fm) Standard LaTeX file
  xspace.sty    2006/05/08 v1.12 Space after command names (DPC,MH)
tabularx.sty    1999/01/07 v2.07 `tabularx' package (DPC)
   array.sty    2008/09/09 v2.4c Tabular extension package (FMi)
mparhack.sty    2005/04/17 v1.4 (T. Sgouros and S. Ulrich)
fixltx2e.sty    2006/09/13 v1.1m fixes to LaTeX
 relsize.sty    2003/07/04 ver 3.1
 acronym.sty    2009/01/25 v1.34 Support for acronyms (Tobias Oetiker)
  suffix.sty    2006/07/15 1.5 Variant command support
 caption.sty    2009/10/09 v3.1k Customizing captions (AR)
caption3.sty    2009/10/09 v3.1k caption3 kernel (AR)
listings.sty    2007/02/22 1.4 (Carsten Heinz)
 lstmisc.sty    2007/02/22 1.4 (Carsten Heinz)
listings.cfg    2007/02/22 1.4 listings configuration
remreset.sty    
  subfig.sty    2005/06/28 ver: 1.3 subfig package
hyperref.sty    2009/10/09 v6.79a Hypertext links for LaTeX
   ifpdf.sty    2009/04/10 v2.0 Provides the ifpdf switch (HO)
  ifvtex.sty    2008/11/04 v1.4 Switches for detecting VTeX and its modes (HO)
 ifxetex.sty    2009/01/23 v0.5 Provides ifxetex conditional
 hycolor.sty    2009/10/02 v1.5 Code for color options of hyperref/bookmark (HO
)
xcolor-patch.sty    2009/10/02 xcolor patch
  pd1enc.def    2009/10/09 v6.79a Hyperref: PDFDocEncoding definition (HO)
etexcmds.sty    2007/12/12 v1.2 Prefix for e-TeX command names (HO)
infwarerr.sty    2007/09/09 v1.2 Providing info/warning/message (HO)
hyperref.cfg    2002/06/06 v1.2 hyperref configuration of TeXLive
kvoptions.sty    2009/08/13 v3.4 Keyval support for LaTeX options (HO)
kvsetkeys.sty    2009/07/30 v1.5 Key value parser with default handler support 
(HO)
     url.sty    2006/04/12  ver 3.3  Verb mode for urls, etc.
  bitset.sty    2007/09/28 v1.0 Data type bit set (HO)
 intcalc.sty    2007/09/27 v1.1 Expandable integer calculations (HO)
bigintcalc.sty    2007/11/11 v1.1 Expandable big integer calculations (HO)
pdftexcmds.sty    2009/09/23 v0.6 LuaTeX support for pdfTeX utility functions (
HO)
ifluatex.sty    2009/04/17 v1.2 Provides the ifluatex switch (HO)
 ltxcmds.sty    2009/08/05 v1.0 Some LaTeX kernel commands for general use (HO)

atbegshi.sty    2008/07/31 v1.9 At begin shipout hook (HO)
 hpdftex.def    2009/10/09 v6.79a Hyperref driver for pdfTeX
graphicx.sty    1999/02/16 v1.0f Enhanced LaTeX Graphics (DPC,SPQR)
graphics.sty    2009/02/05 v1.0o Standard LaTeX Graphics (DPC,SPQR)
    trig.sty    1999/03/16 v1.09 sin cos tan (DPC)
graphics.cfg    2009/08/28 v1.8 graphics configuration of TeX Live
  pdftex.def    2010/03/12 v0.04p Graphics/color for pdfTeX
classicthesis.sty    2010/05/01 v2.8 Typographic Style for a classic-looking th
esis
  xcolor.sty    2007/01/21 v2.11 LaTeX color extensions (UK)
   color.cfg    2007/01/18 v1.5 color configuration of teTeX/TeXLive
dvipsnam.def    1999/02/16 v3.0i Driver-dependant file (DPC,SPQR)
mathpazo.sty    2005/04/12 PSNFSS-v9.2a Palatino w/ Pazo Math (D.Puga, WaS) 
beramono.sty    2004/01/31 (WaS)
 eulervm.sty    2005/01/11 v4.0 (WaS)
microtype.sty    2009/03/27 v2.3d Micro-typography with pdfTeX (RS)
microtype.cfg    2009/03/27 v2.3d microtype main configuration file (RS)
booktabs.sty    2005/04/14 v1.61803 publication quality tables
textcase.sty    2004/10/07 v0.07 Text only upper/lower case changing (DPC)
    soul.sty    2003/11/17 v2.4 letterspacing/underlining (mf)
scrpage2.sty    2008/12/08 v2.3 LaTeX2e KOMA-Script package
titlesec.sty    2007/08/12 v2.8 Sectioning titles
 tocloft.sty    2009/09/04 v2.3d parameterised ToC, etc., typesetting
 scrtime.sty    2009/01/01 v1.1p LaTeX2e KOMA-Script package
prelim2e.sty    2009/05/29 v1.3 prelim2e Package (MS)
everyshi.sty    2001/05/15 v3.00 EveryShipout Package (MS)
makerobust.sty    2006/03/18 v1.0 Making a macro robust (HO)
lstlang1.sty    2004/09/05 1.3 listings language file
lstlang2.sty    2004/09/05 1.3 listings language file
lstlang3.sty    2004/09/05 1.3 listings language file
lstlang1.sty    2004/09/05 1.3 listings language file
lstlang2.sty    2004/09/05 1.3 listings language file
lstlang3.sty    2004/09/05 1.3 listings language file
lstlang1.sty    2004/09/05 1.3 listings language file
lstlang2.sty    2004/09/05 1.3 listings language file
lstlang3.sty    2004/09/05 1.3 listings language file
 lstmisc.sty    2007/02/22 1.4 (Carsten Heinz)
  ts1cmr.fd    1999/05/25 v2.5h Standard LaTeX font definitions
  t1pplj.fd    2004/09/06 font definitions for T1/pplj.
 nameref.sty    2007/05/29 v2.31 Cross-referencing by name of section
refcount.sty    2008/08/11 v3.1 Data extraction from references (HO)
phdthesis.out
phdthesis.out
supp-pdf.mkii
  mt-ppl.cfg    2005/11/16 v1.6 microtype config. file: Palatino (RS)
frontbackmatter/DirtyTitlepage.tex
frontbackmatter/Titlepage.tex
gfx/model-6.pdf
frontbackmatter/Titleback.tex
 ts1pplj.fd    2004/09/06 font definitions for TS1/pplj.
frontbackmatter/Dedication.tex
frontbackmatter/Abstract.tex
frontbackmatter/Publication.tex
frontbackmatter/Acknowledgments.tex
frontbackmatter/Contents.tex
   uzeur.fd    2005/01/11 v4.0 (WaS)
  mt-eur.cfg    2006/07/31 v1.1 microtype config. file: AMS Euler Roman (RS)
   uzeus.fd    2005/01/11 v4.0 (WaS)
  mt-eus.cfg    2006/07/28 v1.2 microtype config. file: AMS Euler Script (RS)
  uzeuex.fd    2005/01/11 v4.0 (WaS)
 ot1zplm.fd    2002/09/08 Fontinst v1.914 font definitions for OT1/zplm.
  t1cmss.fd    1999/05/25 v2.5h Standard LaTeX font definitions
chapters/chapter01.tex
   t1fvm.fd    2004/09/07 scalable font definitions for T1/fvm.
Examples/classicthesis-article.tex
Examples/classicthesis-book.tex
Examples/classicthesis-cv.tex
chapters/chapter_stages.tex
chapters/chapter02.tex
gfx/example_1.jpg
gfx/example_2.jpg
gfx/example_3.jpg
gfx/example_4.jpg
chapters/chapter03.tex
 ufplmbb.fd    2003/10/30 Fontinst v1.914 font definitions for U/fplmbb.
chapters/chapter0A.tex
frontbackmatter/Bibliography.tex
frontbackmatter/Colophon.tex
frontbackmatter/Declaration.tex
 ***********

 ) 
Here is how much of TeX's memory you used:
 16165 strings out of 493848
 239815 string characters out of 1152824
 587894 words of memory out of 3000000
 18361 multiletter control sequences out of 15000+50000
 92008 words of font info for 385 fonts, out of 3000000 for 9000
 714 hyphenation exceptions out of 8191
 52i,14n,67p,361b,3045s stack positions out of 5000i,500n,10000p,200000b,50000s
{/usr/share/texmf-texlive/fonts/enc/dvips/base/8r.enc}</usr/share/texmf-texli
ve/fonts/type1/public/amsfonts/cm/cmex10.pfb></usr/share/texmf-texlive/fonts/ty
pe1/public/amsfonts/euler/eufm10.pfb></usr/share/texmf-texlive/fonts/type1/publ
ic/amsfonts/euler/eufm7.pfb></usr/share/texmf-texlive/fonts/type1/public/amsfon
ts/euler/eurb10.pfb></usr/share/texmf-texlive/fonts/type1/public/amsfonts/euler
/eurm10.pfb></usr/share/texmf-texlive/fonts/type1/public/amsfonts/euler/eurm7.p
fb></usr/share/texmf-texlive/fonts/type1/public/mathpazo/fplmbb.pfb></usr/share
/texmf-texlive/fonts/type1/public/fpl/fplrc8a.pfb></usr/share/texmf-texlive/fon
ts/type1/public/fpl/fplrij8a.pfb></usr/share/texmf-texlive/fonts/type1/public/b
era/fvmr8a.pfb></usr/share/texmf-texlive/fonts/type1/public/bera/fvmro8a.pfb></
usr/share/texmf-texlive/fonts/type1/public/amsfonts/latxfont/lcircle1.pfb></usr
/share/texmf-texlive/fonts/type1/urw/palatino/uplb8a.pfb></usr/share/texmf-texl
ive/fonts/type1/urw/palatino/uplr8a.pfb></usr/share/texmf-texlive/fonts/type1/u
rw/palatino/uplri8a.pfb>
Output written on phdthesis.pdf (43 pages, 311050 bytes).
PDF statistics:
 641 PDF objects out of 1000 (max. 8388607)
 222 named destinations out of 1000 (max. 500000)
 72522 words of extra memory for PDF output out of 74296 (max. 10000000)

