\BOOKMARK [1][-]{tableofcontents.1}{Contents}{}% 1
\BOOKMARK [1][-]{lof.1}{List of Figures}{}% 2
\BOOKMARK [-1][]{part.1}{The Model}{}% 3
\BOOKMARK [0][-]{chapter.1}{1 Modelling the Continuously Dynamic}{part.1}% 4
\BOOKMARK [1][-]{section.1.1}{1.1 Symbols and Continuity}{chapter.1}% 5
\BOOKMARK [1][-]{section.1.2}{1.2 Dynamically Grounded Description}{chapter.1}% 6
\BOOKMARK [1][-]{section.1.3}{1.3 Activities in Duration}{chapter.1}% 7
\BOOKMARK [1][-]{section.1.4}{1.4 Actual Reflection}{chapter.1}% 8
\BOOKMARK [1][-]{section.1.5}{1.5 Order of Space}{chapter.1}% 9
\BOOKMARK [1][-]{section.1.6}{1.6 Modelling the Dynamic}{chapter.1}% 10
\BOOKMARK [1][-]{section.1.7}{1.7 Spatial Reflection}{chapter.1}% 11
\BOOKMARK [1][-]{section.1.8}{1.8 The Physical Layer}{chapter.1}% 12
\BOOKMARK [1][-]{section.1.9}{1.9 Orders of Reflective Layers}{chapter.1}% 13
\BOOKMARK [1][-]{section.1.10}{1.10 Consciousness, Awareness, and Experience}{chapter.1}% 14
\BOOKMARK [1][-]{section.1.11}{1.11 Extensive and Intensive Quantities}{chapter.1}% 15
\BOOKMARK [1][-]{section.1.12}{1.12 Number}{chapter.1}% 16
\BOOKMARK [1][-]{section.1.13}{1.13 Time as Space}{chapter.1}% 17
\BOOKMARK [1][-]{section.1.14}{1.14 Temporal Reflection}{chapter.1}% 18
\BOOKMARK [1][-]{section.1.15}{1.15 Simultaneity and Transition}{chapter.1}% 19
\BOOKMARK [0][-]{chapter.2}{2 Learning Causal Hypotheses}{part.1}% 20
\BOOKMARK [1][-]{section.2.1}{2.1 Resources}{chapter.2}% 21
\BOOKMARK [1][-]{section.2.2}{2.2 Activation and Suppression}{chapter.2}% 22
\BOOKMARK [1][-]{section.2.3}{2.3 Cause and Effect}{chapter.2}% 23
\BOOKMARK [1][-]{section.2.4}{2.4 Goal Activities}{chapter.2}% 24
\BOOKMARK [1][-]{section.2.5}{2.5 Causal Hypothesis}{chapter.2}% 25
\BOOKMARK [1][-]{section.2.6}{2.6 Limitations of Logical Goals}{chapter.2}% 26
\BOOKMARK [1][-]{section.2.7}{2.7 Physical Goals}{chapter.2}% 27
\BOOKMARK [1][-]{section.2.8}{2.8 Reflective Classes of Causal Models}{chapter.2}% 28
\BOOKMARK [1][-]{section.2.9}{2.9 Probabilistic Causal Models}{chapter.2}% 29
\BOOKMARK [0][-]{chapter.3}{3 Layers of Reflective Thinking}{part.1}% 30
\BOOKMARK [1][-]{section.3.1}{3.1 First-order Reflective Thinking}{chapter.3}% 31
\BOOKMARK [1][-]{section.3.2}{3.2 nth-Order Reflective Thinking}{chapter.3}% 32
\BOOKMARK [1][-]{section.3.3}{3.3 Limitations of First-order Reflective Thinking}{chapter.3}% 33
\BOOKMARK [1][-]{section.3.4}{3.4 Second-order Reflection on Symbolization}{chapter.3}% 34
\BOOKMARK [1][-]{section.3.5}{3.5 Non-existence of Symbolic References}{chapter.3}% 35
\BOOKMARK [1][-]{section.3.6}{3.6 Planning Symbolic Refinement}{chapter.3}% 36
\BOOKMARK [1][-]{section.3.7}{3.7 The Distractive Nature of Non-existence}{chapter.3}% 37
\BOOKMARK [1][-]{section.3.8}{3.8 Third-order Reflection on Existence}{chapter.3}% 38
\BOOKMARK [1][-]{section.3.9}{3.9 ``Sub-symbolic Thinking''}{chapter.3}% 39
\BOOKMARK [0][-]{chapter.4}{4 Learning from Success and Failure}{part.1}% 40
\BOOKMARK [1][-]{section.4.1}{4.1 Plan Execution}{chapter.4}% 41
\BOOKMARK [1][-]{section.4.2}{4.2 Plan Instructions}{chapter.4}% 42
\BOOKMARK [1][-]{section.4.3}{4.3 Failures and Success}{chapter.4}% 43
\BOOKMARK [1][-]{section.4.4}{4.4 Activation Failure}{chapter.4}% 44
\BOOKMARK [1][-]{section.4.5}{4.5 Compiling Plans to Resources}{chapter.4}% 45
\BOOKMARK [1][-]{section.4.6}{4.6 Expectation Failure}{chapter.4}% 46
\BOOKMARK [1][-]{section.4.7}{4.7 Learning Below and Above the Failure}{chapter.4}% 47
\BOOKMARK [1][-]{section.4.8}{4.8 First-order Reflective Thinking Activities}{chapter.4}% 48
\BOOKMARK [1][-]{section.4.9}{4.9 First-order Reflective Thinking Goals}{chapter.4}% 49
\BOOKMARK [0][-]{chapter.5}{5 Problematic Interpretations}{part.1}% 50
\BOOKMARK [1][-]{section.5.1}{5.1 The Mistake of Subjective Idealism}{chapter.5}% 51
\BOOKMARK [-1][]{part.2}{The Simulation}{}% 52
\BOOKMARK [0][-]{chapter.6}{6 Introducing Simulation}{part.2}% 53
\BOOKMARK [0][-]{chapter.7}{7 Graph Notation}{part.2}% 54
\BOOKMARK [1][-]{section.7.1}{7.1 Dynamic Activities as a Set}{chapter.7}% 55
\BOOKMARK [1][-]{section.7.2}{7.2 A Graph Representation}{chapter.7}% 56
\BOOKMARK [1][-]{section.7.3}{7.3 Graph Isomorphism}{chapter.7}% 57
\BOOKMARK [1][-]{section.7.4}{7.4 Representing Continuous Space as a Graph}{chapter.7}% 58
\BOOKMARK [1][-]{section.7.5}{7.5 Dot Notation for Graph-based Frame Objects}{chapter.7}% 59
\BOOKMARK [1][-]{section.7.6}{7.6 Simulated Existence}{chapter.7}% 60
\BOOKMARK [0][-]{chapter.8}{8 Symbolic Representation}{part.2}% 61
\BOOKMARK [1][-]{section.8.1}{8.1 Representing Reflective Thinking Activity}{chapter.8}% 62
\BOOKMARK [1][-]{section.8.2}{8.2 Physical Activity is Any Prior Existing Graph}{chapter.8}% 63
\BOOKMARK [1][-]{section.8.3}{8.3 Defining N Layers of Reflective Thinking Activities}{chapter.8}% 64
\BOOKMARK [1][-]{section.8.4}{8.4 Representing Static Symbols}{chapter.8}% 65
\BOOKMARK [1][-]{section.8.5}{8.5 Representing Symbolic Reference}{chapter.8}% 66
\BOOKMARK [1][-]{section.8.6}{8.6 A Visualization of a Reflective Relationship}{chapter.8}% 67
\BOOKMARK [1][-]{section.8.7}{8.7 Representing Symbolic Perception and Memory}{chapter.8}% 68
\BOOKMARK [1][-]{section.8.8}{8.8 Second-order Symbolic Representation}{chapter.8}% 69
\BOOKMARK [1][-]{section.8.9}{8.9 Representing Symbolic Resources}{chapter.8}% 70
\BOOKMARK [0][-]{chapter.9}{9 Grounded Factual Knowledge}{part.2}% 71
\BOOKMARK [1][-]{section.9.1}{9.1 Simultaneities}{chapter.9}% 72
\BOOKMARK [1][-]{section.9.2}{9.2 Transitions}{chapter.9}% 73
\BOOKMARK [1][-]{section.9.3}{9.3 Perceptual Events}{chapter.9}% 74
\BOOKMARK [1][-]{section.9.4}{9.4 Event Transframes}{chapter.9}% 75
\BOOKMARK [1][-]{section.9.5}{9.5 Resource Activation Events}{chapter.9}% 76
\BOOKMARK [0][-]{chapter.10}{10 Hypotheses and Counterfactual Knowledge}{part.2}% 77
\BOOKMARK [1][-]{section.10.1}{10.1 Hypotheses}{chapter.10}% 78
\BOOKMARK [1][-]{section.10.2}{10.2 Hypothesis Space}{chapter.10}% 79
\BOOKMARK [1][-]{section.10.3}{10.3 The General-to-Specific Ordering of Hypotheses}{chapter.10}% 80
\BOOKMARK [1][-]{section.10.4}{10.4 Concept Version Spaces}{chapter.10}% 81
\BOOKMARK [1][-]{section.10.5}{10.5 Hypothesizing Transframes from Preconditions}{chapter.10}% 82
\BOOKMARK [1][-]{section.10.6}{10.6 Decisions with Hypothesis Dependencies}{chapter.10}% 83
\BOOKMARK [1][-]{section.10.7}{10.7 Counterfactual Transframes}{chapter.10}% 84
\BOOKMARK [0][-]{chapter.11}{11 The Planning Machine}{part.2}% 85
\BOOKMARK [1][-]{section.11.1}{11.1 Plan Operators}{chapter.11}% 86
\BOOKMARK [1][-]{section.11.2}{11.2 A Planning Machine}{chapter.11}% 87
\BOOKMARK [1][-]{section.11.3}{11.3 Symbolizing Goals}{chapter.11}% 88
\BOOKMARK [1][-]{section.11.4}{11.4 Second-order Resources}{chapter.11}% 89
\BOOKMARK [1][-]{section.11.5}{11.5 Critical Failure Heuristics}{chapter.11}% 90
\BOOKMARK [1][-]{section.11.6}{11.6 Planning Failures}{chapter.11}% 91
\BOOKMARK [1][-]{section.11.7}{11.7 Factual Plan Failure Knowledge}{chapter.11}% 92
\BOOKMARK [1][-]{section.11.8}{11.8 Prediction of Failure Based on Plan Structure}{chapter.11}% 93
\BOOKMARK [-1][]{part.3}{The Implementation}{}% 94
\BOOKMARK [0][-]{chapter.12}{12 Introducing Computation}{part.3}% 95
\BOOKMARK [1][-]{section.12.1}{12.1 Digital Abstraction}{chapter.12}% 96
\BOOKMARK [1][-]{section.12.2}{12.2 The Combinational Device}{chapter.12}% 97
\BOOKMARK [1][-]{section.12.3}{12.3 Digital Reflection}{chapter.12}% 98
\BOOKMARK [1][-]{section.12.4}{12.4 The Programmer}{chapter.12}% 99
\BOOKMARK [0][-]{chapter.13}{13 Computational Activities in Duration}{part.3}% 100
\BOOKMARK [1][-]{section.13.1}{13.1 The Funk Virtual Operating System}{chapter.13}% 101
\BOOKMARK [1][-]{section.13.2}{13.2 The Global Environment}{chapter.13}% 102
\BOOKMARK [1][-]{section.13.3}{13.3 The Global Scheduler}{chapter.13}% 103
\BOOKMARK [1][-]{section.13.4}{13.4 Fibers Simulate Activities}{chapter.13}% 104
\BOOKMARK [1][-]{section.13.5}{13.5 Stepping the Simulation State}{chapter.13}% 105
\BOOKMARK [1][-]{section.13.6}{13.6 Programming Language}{chapter.13}% 106
\BOOKMARK [1][-]{section.13.7}{13.7 Sequential and Parallel Programs}{chapter.13}% 107
\BOOKMARK [1][-]{section.13.8}{13.8 Fibers Create Objects}{chapter.13}% 108
\BOOKMARK [1][-]{section.13.9}{13.9 Creating Parallel Fibers}{chapter.13}% 109
\BOOKMARK [1][-]{section.13.10}{13.10 Monitoring Simulated Activities}{chapter.13}% 110
\BOOKMARK [1][-]{section.13.11}{13.11 Pausing and Resuming Activities}{chapter.13}% 111
\BOOKMARK [1][-]{section.13.12}{13.12 Mutual Exclusion}{chapter.13}% 112
\BOOKMARK [1][-]{section.13.13}{13.13 Fiber Triggers}{chapter.13}% 113
\BOOKMARK [1][-]{section.13.14}{13.14 Fiber Complete and Bug-Found Triggers}{chapter.13}% 114
\BOOKMARK [0][-]{chapter.14}{14 Causally Reflective Procedural Tracing}{part.3}% 115
\BOOKMARK [1][-]{section.14.1}{14.1 Semantic Memory Focuses Reflective Tracing}{chapter.14}% 116
\BOOKMARK [1][-]{section.14.2}{14.2 Forgetful Event Streams}{chapter.14}% 117
\BOOKMARK [1][-]{section.14.3}{14.3 Semantic Knowledge-Bases}{chapter.14}% 118
\BOOKMARK [1][-]{section.14.4}{14.4 Reflectively Reconstructed Semantic Knowledge-Bases}{chapter.14}% 119
\BOOKMARK [1][-]{section.14.5}{14.5 Semantic Event Interval-Tree Knowledge-Bases}{chapter.14}% 120
\BOOKMARK [0][-]{chapter.15}{15 The Mind Monitor Application}{part.3}% 121
\BOOKMARK [1][-]{section.15.1}{15.1 The Physical Knowledge-Base}{chapter.15}% 122
\BOOKMARK [1][-]{section.15.2}{15.2 Semantic Event Knowledge-Base}{chapter.15}% 123
\BOOKMARK [1][-]{section.15.3}{15.3 First-order Resource Activator}{chapter.15}% 124
\BOOKMARK [1][-]{section.15.4}{15.4 First-order Planning Machine Knowledge}{chapter.15}% 125
\BOOKMARK [1][-]{section.15.5}{15.5 First-order Plan Activator}{chapter.15}% 126
\BOOKMARK [1][-]{section.15.6}{15.6 Second-order Resource Activator}{chapter.15}% 127
\BOOKMARK [-1][]{part.4}{Conclusion}{}% 128
\BOOKMARK [-1][]{part.5}{Appendix}{}% 129
\BOOKMARK [0][-]{appendix.A}{A Science}{part.5}% 130
\BOOKMARK [1][-]{section.A.1}{A.1 Object and Subject}{appendix.A}% 131
\BOOKMARK [1][-]{section.A.2}{A.2 Body and World}{appendix.A}% 132
\BOOKMARK [1][-]{section.A.3}{A.3 The Dynamic as ``Out There''}{appendix.A}% 133
\BOOKMARK [1][-]{section.A.4}{A.4 Physics}{appendix.A}% 134
\BOOKMARK [1][-]{section.A.5}{A.5 Neuroscience}{appendix.A}% 135
\BOOKMARK [1][-]{section.A.6}{A.6 Neural Networks}{appendix.A}% 136
\BOOKMARK [1][-]{section.A.7}{A.7 Computational Neural Networks}{appendix.A}% 137
\BOOKMARK [1][-]{section.A.8}{A.8 Brain and Mind}{appendix.A}% 138
\BOOKMARK [0][-]{appendix.B}{B Education}{part.5}% 139
\BOOKMARK [1][-]{section.B.1}{B.1 Skill and Understanding}{appendix.B}% 140
\BOOKMARK [1][-]{section.B.2}{B.2 Coaching and Teaching}{appendix.B}% 141
\BOOKMARK [1][-]{section.B.3}{B.3 Understanding and Mechanical Simulation}{appendix.B}% 142
\BOOKMARK [1][-]{section.B.4}{B.4 Education through Neuroscience}{appendix.B}% 143
\BOOKMARK [0][-]{appendix.C}{C The Code}{part.5}% 144
\BOOKMARK [1][-]{section.C.1}{C.1 Open-Source Download}{appendix.C}% 145
\BOOKMARK [1][-]{section.C.2}{C.2 README}{appendix.C}% 146
\BOOKMARK [1][-]{section.C.3}{C.3 File Listing}{appendix.C}% 147
\BOOKMARK [0][-]{dummy.3}{Bibliography}{part.5}% 148
\BOOKMARK [0][-]{colophon.0}{Colophon}{part.5}% 149
\BOOKMARK [0][-]{declaration.0}{Declaration}{part.5}% 150
